Failed to start or connect to the Nx Daemon process.

Messages from the log:
Error: listen EPERM: operation not permitted /tmp/a1f1da55350bddc4c5fd/d.sock
    at Server.setupListenHandle [as _listen2] (node:net:1918:21)
    at listenInCluster (node:net:1997:12)
    at Server.listen (node:net:2119:5)
    at /home/sprime01/Projects/nx-ddd-hex-plugin/node_modules/nx/src/daemon/server/server.js:374:20
    at new Promise (<anonymous>)
    at startServer (/home/sprime01/Projects/nx-ddd-hex-plugin/node_modules/nx/src/daemon/server/server.js:372:12)
    at async /home/sprime01/Projects/nx-ddd-hex-plugin/node_modules/nx/src/daemon/server/start.js:8:9
Emitted 'error' event on Server instance at:
    at emitErrorNT (node:net:1976:8)
    at process.processTicksAndRejections (node:internal/process/task_queues:90:21) {
  code: 'EPERM',
  errno: -1,
  syscall: 'listen',
  address: '/tmp/a1f1da55350bddc4c5fd/d.sock',
  port: -1
}

Node.js v24.6.0



More information: /home/sprime01/Projects/nx-ddd-hex-plugin/.nx/workspace-data/d/daemon.log